<?xml version="1.0" encoding="UTF-8"?>
<coverage generated="1606945106408" clover="3.2.0">
  <project timestamp="1606945106409" name="All files">
    <metrics statements="20" coveredstatements="20" conditionals="10" coveredconditionals="10" methods="4" coveredmethods="4" elements="34" coveredelements="34" complexity="0" loc="20" ncloc="20" packages="1" files="2" classes="2"/>
    <file name="bst-node.js" path="C:\Users\blindgren\Desktop\EPICODUS\Full Time Bootcamp\CS-pilot\Binary Search Trees\src\bst-node.js">
      <metrics statements="3" coveredstatements="3" conditionals="0" coveredconditionals="0" methods="1" coveredmethods="1"/>
      <line num="3" count="80" type="stmt"/>
      <line num="4" count="80" type="stmt"/>
      <line num="5" count="80" type="stmt"/>
    </file>
    <file name="bst.js" path="C:\Users\blindgren\Desktop\EPICODUS\Full Time Bootcamp\CS-pilot\Binary Search Trees\src\bst.js">
      <metrics statements="17" coveredstatements="17" conditionals="10" coveredconditionals="10" methods="3" coveredmethods="3"/>
      <line num="3" count="9" type="stmt"/>
      <line num="7" count="79" type="cond" truecount="2" falsecount="0"/>
      <line num="8" count="8" type="stmt"/>
      <line num="10" count="71" type="stmt"/>
      <line num="11" count="71" type="stmt"/>
      <line num="12" count="158" type="cond" truecount="2" falsecount="0"/>
      <line num="13" count="51" type="cond" truecount="2" falsecount="0"/>
      <line num="14" count="7" type="stmt"/>
      <line num="15" count="7" type="stmt"/>
      <line num="18" count="44" type="stmt"/>
      <line num="20" count="107" type="cond" truecount="2" falsecount="0"/>
      <line num="21" count="50" type="cond" truecount="2" falsecount="0"/>
      <line num="22" count="7" type="stmt"/>
      <line num="23" count="7" type="stmt"/>
      <line num="25" count="43" type="stmt"/>
      <line num="28" count="57" type="stmt"/>
      <line num="35" count="1" type="stmt"/>
    </file>
  </project>
</coverage>
