<?xml version="1.0" encoding="UTF-8"?>
<coverage generated="1607032670677" clover="3.2.0">
  <project timestamp="1607032670677" name="All files">
    <metrics statements="37" coveredstatements="37" conditionals="26" coveredconditionals="24" methods="5" coveredmethods="5" elements="68" coveredelements="66" complexity="0" loc="37" ncloc="37" packages="1" files="2" classes="2"/>
    <file name="bst-node.js" path="C:\Users\blindgren\Desktop\EPICODUS\Full Time Bootcamp\CS-pilot\Binary Search Trees\src\bst-node.js">
      <metrics statements="3" coveredstatements="3" conditionals="0" coveredconditionals="0" methods="1" coveredmethods="1"/>
      <line num="3" count="129" type="stmt"/>
      <line num="4" count="129" type="stmt"/>
      <line num="5" count="129" type="stmt"/>
    </file>
    <file name="bst.js" path="C:\Users\blindgren\Desktop\EPICODUS\Full Time Bootcamp\CS-pilot\Binary Search Trees\src\bst.js">
      <metrics statements="34" coveredstatements="34" conditionals="26" coveredconditionals="24" methods="4" coveredmethods="4"/>
      <line num="3" count="10" type="stmt"/>
      <line num="7" count="128" type="cond" truecount="2" falsecount="0"/>
      <line num="8" count="8" type="stmt"/>
      <line num="10" count="120" type="stmt"/>
      <line num="11" count="120" type="stmt"/>
      <line num="12" count="277" type="cond" truecount="2" falsecount="0"/>
      <line num="13" count="86" type="cond" truecount="2" falsecount="0"/>
      <line num="14" count="7" type="stmt"/>
      <line num="15" count="7" type="stmt"/>
      <line num="18" count="79" type="stmt"/>
      <line num="20" count="191" type="cond" truecount="2" falsecount="0"/>
      <line num="21" count="85" type="cond" truecount="2" falsecount="0"/>
      <line num="22" count="7" type="stmt"/>
      <line num="23" count="7" type="stmt"/>
      <line num="25" count="78" type="stmt"/>
      <line num="28" count="106" type="stmt"/>
      <line num="35" count="5" type="cond" truecount="2" falsecount="0"/>
      <line num="36" count="1" type="stmt"/>
      <line num="38" count="4" type="stmt"/>
      <line num="39" count="4" type="stmt"/>
      <line num="40" count="11" type="cond" truecount="2" falsecount="0"/>
      <line num="41" count="3" type="stmt"/>
      <line num="42" count="8" type="cond" truecount="2" falsecount="0"/>
      <line num="43" count="2" type="stmt"/>
      <line num="44" count="6" type="cond" truecount="1" falsecount="1"/>
      <line num="45" count="6" type="stmt"/>
      <line num="47" count="8" type="cond" truecount="2" falsecount="0"/>
      <line num="48" count="1" type="stmt"/>
      <line num="55" count="3" type="cond" truecount="2" falsecount="0"/>
      <line num="56" count="1" type="stmt"/>
      <line num="57" count="2" type="cond" truecount="2" falsecount="0"/>
      <line num="58" count="1" type="stmt"/>
      <line num="59" count="1" type="cond" truecount="1" falsecount="1"/>
      <line num="60" count="1" type="stmt"/>
    </file>
  </project>
</coverage>
