{"C:\\Users\\blindgren\\Desktop\\EPICODUS\\Full Time Bootcamp\\CS-pilot\\Binary Search Trees\\src\\bst-node.js": {"path":"C:\\Users\\blindgren\\Desktop\\EPICODUS\\Full Time Bootcamp\\CS-pilot\\Binary Search Trees\\src\\bst-node.js","statementMap":{"0":{"start":{"line":3,"column":4},"end":{"line":3,"column":21}},"1":{"start":{"line":4,"column":4},"end":{"line":4,"column":21}},"2":{"start":{"line":5,"column":4},"end":{"line":5,"column":22}}},"fnMap":{"0":{"name":"(anonymous_0)","decl":{"start":{"line":2,"column":2},"end":{"line":2,"column":3}},"loc":{"start":{"line":2,"column":20},"end":{"line":6,"column":3}},"line":2}},"branchMap":{},"s":{"0":80,"1":80,"2":80},"f":{"0":80},"b":{},"_coverageSchema":"43e27e138ebf9cfc5966b082cf9a028302ed4184","hash":"4a8844d250a3a0ea7ecfe599ca92e3886455a6ae"}
,"C:\\Users\\blindgren\\Desktop\\EPICODUS\\Full Time Bootcamp\\CS-pilot\\Binary Search Trees\\src\\bst.js": {"path":"C:\\Users\\blindgren\\Desktop\\EPICODUS\\Full Time Bootcamp\\CS-pilot\\Binary Search Trees\\src\\bst.js","statementMap":{"0":{"start":{"line":3,"column":4},"end":{"line":3,"column":21}},"1":{"start":{"line":7,"column":4},"end":{"line":31,"column":5}},"2":{"start":{"line":8,"column":6},"end":{"line":8,"column":31}},"3":{"start":{"line":10,"column":24},"end":{"line":10,"column":33}},"4":{"start":{"line":11,"column":6},"end":{"line":30,"column":7}},"5":{"start":{"line":12,"column":8},"end":{"line":29,"column":9}},"6":{"start":{"line":13,"column":10},"end":{"line":19,"column":11}},"7":{"start":{"line":14,"column":12},"end":{"line":14,"column":44}},"8":{"start":{"line":15,"column":12},"end":{"line":15,"column":24}},"9":{"start":{"line":18,"column":12},"end":{"line":18,"column":43}},"10":{"start":{"line":20,"column":15},"end":{"line":29,"column":9}},"11":{"start":{"line":21,"column":10},"end":{"line":26,"column":11}},"12":{"start":{"line":22,"column":12},"end":{"line":22,"column":45}},"13":{"start":{"line":23,"column":12},"end":{"line":23,"column":24}},"14":{"start":{"line":25,"column":12},"end":{"line":25,"column":44}},"15":{"start":{"line":28,"column":10},"end":{"line":28,"column":22}},"16":{"start":{"line":35,"column":4},"end":{"line":35,"column":16}}},"fnMap":{"0":{"name":"(anonymous_0)","decl":{"start":{"line":2,"column":2},"end":{"line":2,"column":3}},"loc":{"start":{"line":2,"column":16},"end":{"line":4,"column":3}},"line":2},"1":{"name":"(anonymous_1)","decl":{"start":{"line":6,"column":2},"end":{"line":6,"column":3}},"loc":{"start":{"line":6,"column":27},"end":{"line":32,"column":3}},"line":6},"2":{"name":"(anonymous_2)","decl":{"start":{"line":34,"column":2},"end":{"line":34,"column":3}},"loc":{"start":{"line":34,"column":16},"end":{"line":36,"column":3}},"line":34}},"branchMap":{"0":{"loc":{"start":{"line":7,"column":4},"end":{"line":31,"column":5}},"type":"if","locations":[{"start":{"line":7,"column":4},"end":{"line":31,"column":5}},{"start":{"line":7,"column":4},"end":{"line":31,"column":5}}],"line":7},"1":{"loc":{"start":{"line":12,"column":8},"end":{"line":29,"column":9}},"type":"if","locations":[{"start":{"line":12,"column":8},"end":{"line":29,"column":9}},{"start":{"line":12,"column":8},"end":{"line":29,"column":9}}],"line":12},"2":{"loc":{"start":{"line":13,"column":10},"end":{"line":19,"column":11}},"type":"if","locations":[{"start":{"line":13,"column":10},"end":{"line":19,"column":11}},{"start":{"line":13,"column":10},"end":{"line":19,"column":11}}],"line":13},"3":{"loc":{"start":{"line":20,"column":15},"end":{"line":29,"column":9}},"type":"if","locations":[{"start":{"line":20,"column":15},"end":{"line":29,"column":9}},{"start":{"line":20,"column":15},"end":{"line":29,"column":9}}],"line":20},"4":{"loc":{"start":{"line":21,"column":10},"end":{"line":26,"column":11}},"type":"if","locations":[{"start":{"line":21,"column":10},"end":{"line":26,"column":11}},{"start":{"line":21,"column":10},"end":{"line":26,"column":11}}],"line":21}},"s":{"0":9,"1":79,"2":8,"3":71,"4":71,"5":158,"6":51,"7":7,"8":7,"9":44,"10":107,"11":50,"12":7,"13":7,"14":43,"15":57,"16":1},"f":{"0":9,"1":79,"2":1},"b":{"0":[8,71],"1":[51,107],"2":[7,44],"3":[50,57],"4":[7,43]},"_coverageSchema":"43e27e138ebf9cfc5966b082cf9a028302ed4184","hash":"8405c171d594de2165f84c2210e0c6faef8dcd97"}
}
