{"C:\\Users\\blindgren\\Desktop\\EPICODUS\\Full Time Bootcamp\\CS-pilot\\Binary Search Trees\\src\\bst-node.js": {"path":"C:\\Users\\blindgren\\Desktop\\EPICODUS\\Full Time Bootcamp\\CS-pilot\\Binary Search Trees\\src\\bst-node.js","statementMap":{"0":{"start":{"line":3,"column":4},"end":{"line":3,"column":21}},"1":{"start":{"line":4,"column":4},"end":{"line":4,"column":21}},"2":{"start":{"line":5,"column":4},"end":{"line":5,"column":22}}},"fnMap":{"0":{"name":"(anonymous_0)","decl":{"start":{"line":2,"column":2},"end":{"line":2,"column":3}},"loc":{"start":{"line":2,"column":20},"end":{"line":6,"column":3}},"line":2}},"branchMap":{},"s":{"0":130,"1":130,"2":130},"f":{"0":130},"b":{},"_coverageSchema":"43e27e138ebf9cfc5966b082cf9a028302ed4184","hash":"4a8844d250a3a0ea7ecfe599ca92e3886455a6ae"}
,"C:\\Users\\blindgren\\Desktop\\EPICODUS\\Full Time Bootcamp\\CS-pilot\\Binary Search Trees\\src\\bst.js": {"path":"C:\\Users\\blindgren\\Desktop\\EPICODUS\\Full Time Bootcamp\\CS-pilot\\Binary Search Trees\\src\\bst.js","statementMap":{"0":{"start":{"line":3,"column":4},"end":{"line":3,"column":21}},"1":{"start":{"line":7,"column":4},"end":{"line":31,"column":5}},"2":{"start":{"line":8,"column":6},"end":{"line":8,"column":31}},"3":{"start":{"line":10,"column":24},"end":{"line":10,"column":33}},"4":{"start":{"line":11,"column":6},"end":{"line":30,"column":7}},"5":{"start":{"line":12,"column":8},"end":{"line":29,"column":9}},"6":{"start":{"line":13,"column":10},"end":{"line":19,"column":11}},"7":{"start":{"line":14,"column":12},"end":{"line":14,"column":44}},"8":{"start":{"line":15,"column":12},"end":{"line":15,"column":24}},"9":{"start":{"line":18,"column":12},"end":{"line":18,"column":43}},"10":{"start":{"line":20,"column":15},"end":{"line":29,"column":9}},"11":{"start":{"line":21,"column":10},"end":{"line":26,"column":11}},"12":{"start":{"line":22,"column":12},"end":{"line":22,"column":45}},"13":{"start":{"line":23,"column":12},"end":{"line":23,"column":24}},"14":{"start":{"line":25,"column":12},"end":{"line":25,"column":44}},"15":{"start":{"line":28,"column":10},"end":{"line":28,"column":22}},"16":{"start":{"line":35,"column":4},"end":{"line":51,"column":5}},"17":{"start":{"line":36,"column":6},"end":{"line":36,"column":18}},"18":{"start":{"line":38,"column":24},"end":{"line":38,"column":33}},"19":{"start":{"line":39,"column":6},"end":{"line":50,"column":7}},"20":{"start":{"line":40,"column":8},"end":{"line":46,"column":9}},"21":{"start":{"line":41,"column":10},"end":{"line":41,"column":22}},"22":{"start":{"line":42,"column":15},"end":{"line":46,"column":9}},"23":{"start":{"line":43,"column":10},"end":{"line":43,"column":41}},"24":{"start":{"line":44,"column":15},"end":{"line":46,"column":9}},"25":{"start":{"line":45,"column":10},"end":{"line":45,"column":42}},"26":{"start":{"line":47,"column":8},"end":{"line":49,"column":9}},"27":{"start":{"line":48,"column":10},"end":{"line":48,"column":23}},"28":{"start":{"line":55,"column":4},"end":{"line":64,"column":7}},"29":{"start":{"line":56,"column":6},"end":{"line":56,"column":19}},"30":{"start":{"line":57,"column":11},"end":{"line":64,"column":7}},"31":{"start":{"line":58,"column":6},"end":{"line":58,"column":19}},"32":{"start":{"line":59,"column":11},"end":{"line":64,"column":7}},"33":{"start":{"line":60,"column":8},"end":{"line":63,"column":9}},"34":{"start":{"line":61,"column":10},"end":{"line":61,"column":32}},"35":{"start":{"line":62,"column":10},"end":{"line":62,"column":22}}},"fnMap":{"0":{"name":"(anonymous_0)","decl":{"start":{"line":2,"column":2},"end":{"line":2,"column":3}},"loc":{"start":{"line":2,"column":16},"end":{"line":4,"column":3}},"line":2},"1":{"name":"(anonymous_1)","decl":{"start":{"line":6,"column":2},"end":{"line":6,"column":3}},"loc":{"start":{"line":6,"column":27},"end":{"line":32,"column":3}},"line":6},"2":{"name":"(anonymous_2)","decl":{"start":{"line":34,"column":2},"end":{"line":34,"column":3}},"loc":{"start":{"line":34,"column":16},"end":{"line":52,"column":3}},"line":34},"3":{"name":"(anonymous_3)","decl":{"start":{"line":54,"column":2},"end":{"line":54,"column":3}},"loc":{"start":{"line":54,"column":16},"end":{"line":65,"column":5}},"line":54}},"branchMap":{"0":{"loc":{"start":{"line":7,"column":4},"end":{"line":31,"column":5}},"type":"if","locations":[{"start":{"line":7,"column":4},"end":{"line":31,"column":5}},{"start":{"line":7,"column":4},"end":{"line":31,"column":5}}],"line":7},"1":{"loc":{"start":{"line":12,"column":8},"end":{"line":29,"column":9}},"type":"if","locations":[{"start":{"line":12,"column":8},"end":{"line":29,"column":9}},{"start":{"line":12,"column":8},"end":{"line":29,"column":9}}],"line":12},"2":{"loc":{"start":{"line":13,"column":10},"end":{"line":19,"column":11}},"type":"if","locations":[{"start":{"line":13,"column":10},"end":{"line":19,"column":11}},{"start":{"line":13,"column":10},"end":{"line":19,"column":11}}],"line":13},"3":{"loc":{"start":{"line":20,"column":15},"end":{"line":29,"column":9}},"type":"if","locations":[{"start":{"line":20,"column":15},"end":{"line":29,"column":9}},{"start":{"line":20,"column":15},"end":{"line":29,"column":9}}],"line":20},"4":{"loc":{"start":{"line":21,"column":10},"end":{"line":26,"column":11}},"type":"if","locations":[{"start":{"line":21,"column":10},"end":{"line":26,"column":11}},{"start":{"line":21,"column":10},"end":{"line":26,"column":11}}],"line":21},"5":{"loc":{"start":{"line":35,"column":4},"end":{"line":51,"column":5}},"type":"if","locations":[{"start":{"line":35,"column":4},"end":{"line":51,"column":5}},{"start":{"line":35,"column":4},"end":{"line":51,"column":5}}],"line":35},"6":{"loc":{"start":{"line":40,"column":8},"end":{"line":46,"column":9}},"type":"if","locations":[{"start":{"line":40,"column":8},"end":{"line":46,"column":9}},{"start":{"line":40,"column":8},"end":{"line":46,"column":9}}],"line":40},"7":{"loc":{"start":{"line":42,"column":15},"end":{"line":46,"column":9}},"type":"if","locations":[{"start":{"line":42,"column":15},"end":{"line":46,"column":9}},{"start":{"line":42,"column":15},"end":{"line":46,"column":9}}],"line":42},"8":{"loc":{"start":{"line":44,"column":15},"end":{"line":46,"column":9}},"type":"if","locations":[{"start":{"line":44,"column":15},"end":{"line":46,"column":9}},{"start":{"line":44,"column":15},"end":{"line":46,"column":9}}],"line":44},"9":{"loc":{"start":{"line":47,"column":8},"end":{"line":49,"column":9}},"type":"if","locations":[{"start":{"line":47,"column":8},"end":{"line":49,"column":9}},{"start":{"line":47,"column":8},"end":{"line":49,"column":9}}],"line":47},"10":{"loc":{"start":{"line":55,"column":4},"end":{"line":64,"column":7}},"type":"if","locations":[{"start":{"line":55,"column":4},"end":{"line":64,"column":7}},{"start":{"line":55,"column":4},"end":{"line":64,"column":7}}],"line":55},"11":{"loc":{"start":{"line":57,"column":11},"end":{"line":64,"column":7}},"type":"if","locations":[{"start":{"line":57,"column":11},"end":{"line":64,"column":7}},{"start":{"line":57,"column":11},"end":{"line":64,"column":7}}],"line":57},"12":{"loc":{"start":{"line":59,"column":11},"end":{"line":64,"column":7}},"type":"if","locations":[{"start":{"line":59,"column":11},"end":{"line":64,"column":7}},{"start":{"line":59,"column":11},"end":{"line":64,"column":7}}],"line":59},"13":{"loc":{"start":{"line":60,"column":8},"end":{"line":63,"column":9}},"type":"if","locations":[{"start":{"line":60,"column":8},"end":{"line":63,"column":9}},{"start":{"line":60,"column":8},"end":{"line":63,"column":9}}],"line":60},"14":{"loc":{"start":{"line":60,"column":11},"end":{"line":60,"column":62}},"type":"binary-expr","locations":[{"start":{"line":60,"column":11},"end":{"line":60,"column":34}},{"start":{"line":60,"column":38},"end":{"line":60,"column":62}}],"line":60}},"s":{"0":11,"1":129,"2":9,"3":120,"4":120,"5":277,"6":86,"7":7,"8":7,"9":79,"10":191,"11":85,"12":7,"13":7,"14":78,"15":106,"16":5,"17":1,"18":4,"19":4,"20":11,"21":3,"22":8,"23":2,"24":6,"25":6,"26":8,"27":1,"28":3,"29":1,"30":2,"31":1,"32":1,"33":1,"34":1,"35":1},"f":{"0":11,"1":129,"2":5,"3":3},"b":{"0":[9,120],"1":[86,191],"2":[7,79],"3":[85,106],"4":[7,78],"5":[1,4],"6":[3,8],"7":[2,6],"8":[6,0],"9":[1,7],"10":[1,2],"11":[1,1],"12":[1,0],"13":[1,0],"14":[1,1]},"_coverageSchema":"43e27e138ebf9cfc5966b082cf9a028302ed4184","hash":"e7e42fbca6d08be4b8a99847710164e4bcbd90b3"}
}
