TN:
SF:C:\Users\blindgren\Desktop\EPICODUS\Full Time Bootcamp\CS-pilot\Binary Search Trees\src\bst-node.js
FN:2,(anonymous_0)
FNF:1
FNH:1
FNDA:178,(anonymous_0)
DA:3,178
DA:4,178
DA:5,178
LF:3
LH:3
BRF:0
BRH:0
end_of_record
TN:
SF:C:\Users\blindgren\Desktop\EPICODUS\Full Time Bootcamp\CS-pilot\Binary Search Trees\src\bst.js
FN:2,(anonymous_0)
FN:6,(anonymous_1)
FN:34,(anonymous_2)
FN:54,(anonymous_3)
FNF:4
FNH:4
FNDA:12,(anonymous_0)
FNDA:177,(anonymous_1)
FNDA:5,(anonymous_2)
FNDA:3,(anonymous_3)
DA:3,12
DA:7,177
DA:8,10
DA:10,167
DA:11,167
DA:12,354
DA:13,102
DA:14,8
DA:15,8
DA:18,94
DA:20,252
DA:21,101
DA:22,8
DA:23,8
DA:25,93
DA:28,151
DA:35,5
DA:36,1
DA:38,4
DA:39,4
DA:40,11
DA:41,3
DA:42,8
DA:43,2
DA:44,6
DA:45,6
DA:47,8
DA:48,1
DA:55,3
DA:56,1
DA:59,2
DA:60,1
DA:61,1
DA:62,1
DA:76,1
DA:77,1
LF:36
LH:36
BRDA:7,0,0,10
BRDA:7,0,1,167
BRDA:12,1,0,102
BRDA:12,1,1,252
BRDA:13,2,0,8
BRDA:13,2,1,94
BRDA:20,3,0,101
BRDA:20,3,1,151
BRDA:21,4,0,8
BRDA:21,4,1,93
BRDA:35,5,0,1
BRDA:35,5,1,4
BRDA:40,6,0,3
BRDA:40,6,1,8
BRDA:42,7,0,2
BRDA:42,7,1,6
BRDA:44,8,0,6
BRDA:44,8,1,0
BRDA:47,9,0,1
BRDA:47,9,1,7
BRDA:55,10,0,1
BRDA:55,10,1,2
BRDA:59,11,0,1
BRDA:59,11,1,1
BRDA:60,12,0,1
BRDA:60,12,1,0
BRDA:60,13,0,1
BRDA:60,13,1,1
BRDA:76,14,0,1
BRDA:76,14,1,0
BRF:30
BRH:27
end_of_record
