TN:
SF:C:\Users\blindgren\Desktop\EPICODUS\Full Time Bootcamp\CS-pilot\Binary Search Trees\src\bst-node.js
FN:2,(anonymous_0)
FNF:1
FNH:1
FNDA:80,(anonymous_0)
DA:3,80
DA:4,80
DA:5,80
LF:3
LH:3
BRF:0
BRH:0
end_of_record
TN:
SF:C:\Users\blindgren\Desktop\EPICODUS\Full Time Bootcamp\CS-pilot\Binary Search Trees\src\bst.js
FN:2,(anonymous_0)
FN:6,(anonymous_1)
FN:34,(anonymous_2)
FNF:3
FNH:3
FNDA:9,(anonymous_0)
FNDA:79,(anonymous_1)
FNDA:1,(anonymous_2)
DA:3,9
DA:7,79
DA:8,8
DA:10,71
DA:11,71
DA:12,158
DA:13,51
DA:14,7
DA:15,7
DA:18,44
DA:20,107
DA:21,50
DA:22,7
DA:23,7
DA:25,43
DA:28,57
DA:35,1
LF:17
LH:17
BRDA:7,0,0,8
BRDA:7,0,1,71
BRDA:12,1,0,51
BRDA:12,1,1,107
BRDA:13,2,0,7
BRDA:13,2,1,44
BRDA:20,3,0,50
BRDA:20,3,1,57
BRDA:21,4,0,7
BRDA:21,4,1,43
BRF:10
BRH:10
end_of_record
